<?xml version="1.0" encoding="UTF-8"?>
<testng-results ignored="0" total="1" passed="1" failed="0" skipped="0">
  <reporter-output>
  </reporter-output>
  <suite started-at="2023-12-28T21:17:05 EET" name="Default suite" finished-at="2023-12-28T21:17:15 EET" duration-ms="9575">
    <groups>
    </groups>
    <test started-at="2023-12-28T21:17:05 EET" name="Default test" finished-at="2023-12-28T21:17:15 EET" duration-ms="9575">
      <class name="com.qa.Testcases.LoginTest">
        <test-method is-config="true" signature="setup()[pri:0, instance:com.qa.Testcases.LoginTest@5e600dd5]" started-at="2023-12-28T21:17:05 EET" name="setup" finished-at="2023-12-28T21:17:13 EET" duration-ms="8085" status="PASS">
          <reporter-output>
          </reporter-output>
        </test-method> <!-- setup -->
        <test-method signature="loginWithValidCredentials()[pri:0, instance:com.qa.Testcases.LoginTest@5e600dd5]" started-at="2023-12-28T21:17:13 EET" name="loginWithValidCredentials" finished-at="2023-12-28T21:17:15 EET" duration-ms="1458" status="PASS">
          <reporter-output>
          </reporter-output>
        </test-method> <!-- loginWithValidCredentials -->
      </class> <!-- com.qa.Testcases.LoginTest -->
    </test> <!-- Default test -->
  </suite> <!-- Default suite -->
</testng-results>
